1526406225628:sdf
1526406243307:22
1526406248966:clear
1526411467635:add 1 2
1526411558742:add
1526412826352:shutdown
1526415046597:run
1526415088969:test
1526415095158:help
1526415110459:stacktrace
1526415147009:exit
1526495485804:run
1527325512494:exit
1527328454680:run
1527332666906:0m
1527332684464:stacktrace
1527332691268:run
1527332695889:stacktrace
1527332796655:rrun
1527332799006:run
1527332804503:stacktrace
1527332892674:run
1527341528969:ru
1527341529347:run
1527490116503:exxit
1527490119047:exit
1527506031066:run
1527595934863:stacktrace
1527596006070:run
1527596009966:stacktrace
1527596105185:run
1527596395611:stacktrace
1527596518433:run
1527596525243:stacktrace
1527596943527:run
1527596948849:stacktrace
1527597050839:run
1527597055467:stacktrace
1527597564794:run
1527597570214:stacktrace
1527597872457:run
1527597875724:stacktrace
1527597910520:run
1527597915894:clear
1527597917787:run
1527597945588:stacktrace
1527597957548:run
1527938018255:stacktrace
1527938115800:run
1527938167209:stacktrace
1527938643324:run
1527938647442:stacktrace
1527939002994:run
1527942729716:stacktrace
1527942808989:run
1527942813254:stacktrace
1527942875228:run
1527943623579:RUN
1527943627833:run
